
Showing logs for build [32mcb-kubecd-environment-pr-120-70-sfhc8-1[0m stage [32mfrom-build-pack[0m and container [32mstep-credential-initializer-44qsw[0m
{"level":"warn","ts":1577666916.4162037,"logger":"fallback-logger","caller":"logging/config.go:69","msg":"Fetch GitHub commit ID from kodata failed: \"ref: refs/heads/master\" is not a valid GitHub commit ID"}
{"level":"info","ts":1577666916.4166021,"logger":"fallback-logger","caller":"creds-init/main.go:40","msg":"Credentials initialized."}

Showing logs for build [32mcb-kubecd-environment-pr-120-70-sfhc8-1[0m stage [32mfrom-build-pack[0m and container [32mstep-working-dir-initializer-shkz4[0m
{"level":"warn","ts":1577666917.3683746,"logger":"fallback-logger","caller":"logging/config.go:69","msg":"Fetch GitHub commit ID from kodata failed: open /var/run/ko/HEAD: no such file or directory"}
{"level":"info","ts":1577666917.370041,"logger":"fallback-logger","caller":"bash/main.go:65","msg":"Successfully executed command \"mkdir -p /workspace/source\""}

Showing logs for build [32mcb-kubecd-environment-pr-120-70-sfhc8-1[0m stage [32mfrom-build-pack[0m and container [32mstep-place-tools[0m

Showing logs for build [32mcb-kubecd-environment-pr-120-70-sfhc8-1[0m stage [32mfrom-build-pack[0m and container [32mstep-git-source-cb-kubecd-environment-pr-120-70-skh2l[0m
{"level":"warn","ts":1577666921.599756,"logger":"fallback-logger","caller":"logging/config.go:69","msg":"Fetch GitHub commit ID from kodata failed: \"ref: refs/heads/master\" is not a valid GitHub commit ID"}
{"level":"info","ts":1577666922.7833726,"logger":"fallback-logger","caller":"git/git.go:102","msg":"Successfully cloned https://github.com/cb-kubecd/environment-pr-120-70-boot-gke-staging.git @ master in path /workspace/source"}

Showing logs for build [32mcb-kubecd-environment-pr-120-70-sfhc8-1[0m stage [32mfrom-build-pack[0m and container [32mstep-git-merge[0m
Using SHAs from PULL_REFS=master:d8a6bd389263af95a7175b4019ef4b1203f0154e,2:039c10846ca045bb2ec887d57592e39cc17b4de1
DEBUG: ran git fetch --unshallow origin 039c10846ca045bb2ec887d57592e39cc17b4de1: d8a6bd389263af95a7175b4019ef4b1203f0154e: in 
DEBUG: ran git checkout master in 
DEBUG: ran git reset --hard d8a6bd389263af95a7175b4019ef4b1203f0154e in 
DEBUG: ran clean --force -d . in 
DEBUG: ran git merge 039c10846ca045bb2ec887d57592e39cc17b4de1 in 
Merged SHA 039c10846ca045bb2ec887d57592e39cc17b4de1 with commit message 'chore: Promote bdd-gh-1577666640 to version 0.0.1' into base branch master

Showing logs for build [32mcb-kubecd-environment-pr-120-70-sfhc8-1[0m stage [32mfrom-build-pack[0m and container [32mstep-build-helm-build[0m
WARNING: No $CHART_REPOSITORY defined so using the default value of: http://jenkins-x-chartmuseum:8080
Adding missing Helm repo: storage.googleapis.com https://storage.googleapis.com/chartmuseum.jenkins-x.io
WARNING: No secrets found on "helm/repos" due: reading the secret "helm/repos" from vault: no secret "helm/repos" not found in vault
Read credentials for https://storage.googleapis.com/chartmuseum.jenkins-x.io from vault helm/repos
Successfully added Helm repository storage.googleapis.com.
Adding missing Helm repo: jenkins-x-chartmuseum http://jenkins-x-chartmuseum:8080
WARNING: No secrets found on "helm/repos" due: reading the secret "helm/repos" from vault: no secret "helm/repos" not found in vault
Read credentials for http://jenkins-x-chartmuseum:8080 from vault helm/repos
Successfully added Helm repository jenkins-x-chartmuseum.
WARNING: No $CHART_REPOSITORY defined so using the default value of: http://jenkins-x-chartmuseum:8080
Adding missing Helm repo: chartmuseum.jenkins-x.io http://chartmuseum.jenkins-x.io
WARNING: No secrets found on "helm/repos" due: reading the secret "helm/repos" from vault: no secret "helm/repos" not found in vault
Read credentials for http://chartmuseum.jenkins-x.io from vault helm/repos
Successfully added Helm repository chartmuseum.jenkins-x.io.
