
Showing logs for build [32mcb-kubecd-environment-pr-120-70-mv585-1[0m stage [32mfrom-build-pack[0m and container [32mstep-credential-initializer-7bxw8[0m
{"level":"warn","ts":1577670642.2304115,"logger":"fallback-logger","caller":"logging/config.go:69","msg":"Fetch GitHub commit ID from kodata failed: \"ref: refs/heads/master\" is not a valid GitHub commit ID"}
{"level":"info","ts":1577670642.231035,"logger":"fallback-logger","caller":"creds-init/main.go:40","msg":"Credentials initialized."}

Showing logs for build [32mcb-kubecd-environment-pr-120-70-mv585-1[0m stage [32mfrom-build-pack[0m and container [32mstep-working-dir-initializer-485v8[0m
{"level":"warn","ts":1577670643.5734553,"logger":"fallback-logger","caller":"logging/config.go:69","msg":"Fetch GitHub commit ID from kodata failed: open /var/run/ko/HEAD: no such file or directory"}
{"level":"info","ts":1577670643.5748305,"logger":"fallback-logger","caller":"bash/main.go:65","msg":"Successfully executed command \"mkdir -p /workspace/source\""}

Showing logs for build [32mcb-kubecd-environment-pr-120-70-mv585-1[0m stage [32mfrom-build-pack[0m and container [32mstep-place-tools[0m

Showing logs for build [32mcb-kubecd-environment-pr-120-70-mv585-1[0m stage [32mfrom-build-pack[0m and container [32mstep-git-source-cb-kubecd-environment-pr-120-70-nwd2c[0m
{"level":"warn","ts":1577670648.7896566,"logger":"fallback-logger","caller":"logging/config.go:69","msg":"Fetch GitHub commit ID from kodata failed: \"ref: refs/heads/master\" is not a valid GitHub commit ID"}
{"level":"info","ts":1577670649.9604294,"logger":"fallback-logger","caller":"git/git.go:102","msg":"Successfully cloned https://github.com/cb-kubecd/environment-pr-120-70-boot-gke-staging.git @ master in path /workspace/source"}

Showing logs for build [32mcb-kubecd-environment-pr-120-70-mv585-1[0m stage [32mfrom-build-pack[0m and container [32mstep-git-merge[0m
Using SHAs from PULL_REFS=master:6589ce8afab1d0a821dd1a5d77fe89f1142533a4,8:818f0980e9efca0f62544459e8f4612a297ad9c4
DEBUG: ran git fetch --unshallow origin 818f0980e9efca0f62544459e8f4612a297ad9c4: 6589ce8afab1d0a821dd1a5d77fe89f1142533a4: in 
DEBUG: ran git checkout master in 
DEBUG: ran git reset --hard 6589ce8afab1d0a821dd1a5d77fe89f1142533a4 in 
DEBUG: ran clean --force -d . in 
DEBUG: ran git merge 818f0980e9efca0f62544459e8f4612a297ad9c4 in 
Merged SHA 818f0980e9efca0f62544459e8f4612a297ad9c4 with commit message 'chore: Promote bdd-nh-import-1577668819 to version 0.0.1' into base branch master

Showing logs for build [32mcb-kubecd-environment-pr-120-70-mv585-1[0m stage [32mfrom-build-pack[0m and container [32mstep-build-helm-build[0m
WARNING: No $CHART_REPOSITORY defined so using the default value of: http://jenkins-x-chartmuseum:8080
Adding missing Helm repo: storage.googleapis.com https://storage.googleapis.com/chartmuseum.jenkins-x.io
WARNING: No secrets found on "helm/repos" due: reading the secret "helm/repos" from vault: no secret "helm/repos" not found in vault
Read credentials for https://storage.googleapis.com/chartmuseum.jenkins-x.io from vault helm/repos
Successfully added Helm repository storage.googleapis.com.
Adding missing Helm repo: jenkins-x-chartmuseum http://jenkins-x-chartmuseum:8080
WARNING: No secrets found on "helm/repos" due: reading the secret "helm/repos" from vault: no secret "helm/repos" not found in vault
Read credentials for http://jenkins-x-chartmuseum:8080 from vault helm/repos
Successfully added Helm repository jenkins-x-chartmuseum.
WARNING: No $CHART_REPOSITORY defined so using the default value of: http://jenkins-x-chartmuseum:8080
Adding missing Helm repo: chartmuseum.jenkins-x.io http://chartmuseum.jenkins-x.io
WARNING: No secrets found on "helm/repos" due: reading the secret "helm/repos" from vault: no secret "helm/repos" not found in vault
Read credentials for http://chartmuseum.jenkins-x.io from vault helm/repos
Successfully added Helm repository chartmuseum.jenkins-x.io.
