
Showing logs for build [32mcb-kubecd-environment-pr-120-70-hhcks-1[0m stage [32mfrom-build-pack[0m and container [32mstep-credential-initializer-f8f9w[0m
{"level":"warn","ts":1577670146.8056803,"logger":"fallback-logger","caller":"logging/config.go:69","msg":"Fetch GitHub commit ID from kodata failed: \"ref: refs/heads/master\" is not a valid GitHub commit ID"}
{"level":"info","ts":1577670146.806451,"logger":"fallback-logger","caller":"creds-init/main.go:40","msg":"Credentials initialized."}

Showing logs for build [32mcb-kubecd-environment-pr-120-70-hhcks-1[0m stage [32mfrom-build-pack[0m and container [32mstep-working-dir-initializer-sw994[0m
{"level":"warn","ts":1577670148.0916007,"logger":"fallback-logger","caller":"logging/config.go:69","msg":"Fetch GitHub commit ID from kodata failed: open /var/run/ko/HEAD: no such file or directory"}
{"level":"info","ts":1577670148.0933356,"logger":"fallback-logger","caller":"bash/main.go:65","msg":"Successfully executed command \"mkdir -p /workspace/source\""}

Showing logs for build [32mcb-kubecd-environment-pr-120-70-hhcks-1[0m stage [32mfrom-build-pack[0m and container [32mstep-place-tools[0m

Showing logs for build [32mcb-kubecd-environment-pr-120-70-hhcks-1[0m stage [32mfrom-build-pack[0m and container [32mstep-git-source-cb-kubecd-environment-pr-120-70-wjcjn[0m
{"level":"warn","ts":1577670153.2095802,"logger":"fallback-logger","caller":"logging/config.go:69","msg":"Fetch GitHub commit ID from kodata failed: \"ref: refs/heads/master\" is not a valid GitHub commit ID"}
{"level":"info","ts":1577670154.3517263,"logger":"fallback-logger","caller":"git/git.go:102","msg":"Successfully cloned https://github.com/cb-kubecd/environment-pr-120-70-boot-gke-staging.git @ master in path /workspace/source"}

Showing logs for build [32mcb-kubecd-environment-pr-120-70-hhcks-1[0m stage [32mfrom-build-pack[0m and container [32mstep-git-merge[0m
Using SHAs from PULL_REFS=master:0df0112da10872be9bfd2603f6e55e0aec8b6620,7:f4563ab8406f4e74ae5c12d2749e29fbbd65db98
DEBUG: ran git fetch --unshallow origin f4563ab8406f4e74ae5c12d2749e29fbbd65db98: 0df0112da10872be9bfd2603f6e55e0aec8b6620: in 
DEBUG: ran git checkout master in 
DEBUG: ran git reset --hard 0df0112da10872be9bfd2603f6e55e0aec8b6620 in 
DEBUG: ran clean --force -d . in 
DEBUG: ran git merge f4563ab8406f4e74ae5c12d2749e29fbbd65db98 in 
Merged SHA f4563ab8406f4e74ae5c12d2749e29fbbd65db98 with commit message 'chore: Promote bdd-ghf**y-import-1577668819 to version 0.0.1' into base branch master

Showing logs for build [32mcb-kubecd-environment-pr-120-70-hhcks-1[0m stage [32mfrom-build-pack[0m and container [32mstep-build-helm-build[0m
WARNING: No $CHART_REPOSITORY defined so using the default value of: http://jenkins-x-chartmuseum:8080
Adding missing Helm repo: storage.googleapis.com https://storage.googleapis.com/chartmuseum.jenkins-x.io
WARNING: No secrets found on "helm/repos" due: reading the secret "helm/repos" from vault: no secret "helm/repos" not found in vault
Read credentials for https://storage.googleapis.com/chartmuseum.jenkins-x.io from vault helm/repos
Successfully added Helm repository storage.googleapis.com.
Adding missing Helm repo: jenkins-x-chartmuseum http://jenkins-x-chartmuseum:8080
WARNING: No secrets found on "helm/repos" due: reading the secret "helm/repos" from vault: no secret "helm/repos" not found in vault
Read credentials for http://jenkins-x-chartmuseum:8080 from vault helm/repos
Successfully added Helm repository jenkins-x-chartmuseum.
WARNING: No $CHART_REPOSITORY defined so using the default value of: http://jenkins-x-chartmuseum:8080
Adding missing Helm repo: chartmuseum.jenkins-x.io http://chartmuseum.jenkins-x.io
WARNING: No secrets found on "helm/repos" due: reading the secret "helm/repos" from vault: no secret "helm/repos" not found in vault
Read credentials for http://chartmuseum.jenkins-x.io from vault helm/repos
Successfully added Helm repository chartmuseum.jenkins-x.io.
